00:40:39 **** Incremental Build of configuration Debug for project MC1_HMI_ECU ****
make all 
Building file: ../HMI_ECU.c
Invoking: AVR Compiler
avr-gcc -Wall -g2 -gstabs -O0 -fpack-struct -fshort-enums -ffunction-sections -fdata-sections -std=gnu99 -funsigned-char -funsigned-bitfields -mmcu=atmega32 -DF_CPU=8000000UL -MMD -MP -MF"HMI_ECU.d" -MT"HMI_ECU.o" -c -o "HMI_ECU.o" "../HMI_ECU.c"
In file included from ../HMI_ECU.c:14:
c:/winavr-20100110/lib/gcc/../../avr/include/util/delay.h:90:3: warning: #warning "Compiler optimizations disabled; functions from <util/delay.h> won't work as designed"
Finished building: ../HMI_ECU.c
 
Building file: ../keypad.c
Invoking: AVR Compiler
avr-gcc -Wall -g2 -gstabs -O0 -fpack-struct -fshort-enums -ffunction-sections -fdata-sections -std=gnu99 -funsigned-char -funsigned-bitfields -mmcu=atmega32 -DF_CPU=8000000UL -MMD -MP -MF"keypad.d" -MT"keypad.o" -c -o "keypad.o" "../keypad.c"
In file included from ../keypad.c:14:
c:/winavr-20100110/lib/gcc/../../avr/include/util/delay.h:90:3: warning: #warning "Compiler optimizations disabled; functions from <util/delay.h> won't work as designed"
Finished building: ../keypad.c
 
Building target: MC1_HMI_ECU.elf
Invoking: AVR C Linker
avr-gcc -Wl,-Map,MC1_HMI_ECU.map -mmcu=atmega32 -o "MC1_HMI_ECU.elf"  ./HMI_ECU.o ./gpio.o ./keypad.o ./lcd.o ./timer1.o ./uart.o   
Finished building target: MC1_HMI_ECU.elf
 
Invoking: AVR Create Extended Listing
avr-objdump -h -S MC1_HMI_ECU.elf  >"MC1_HMI_ECU.lss"
Finished building: MC1_HMI_ECU.lss
 
Invoking: Print Size
avr-size --format=avr --mcu=atmega32 MC1_HMI_ECU.elf
AVR Memory Usage
----------------
Device: atmega32

Program:    9614 bytes (29.3% Full)
(.text + .data + .bootloader)

Data:         64 bytes (3.1% Full)
(.data + .bss + .noinit)


Finished building: sizedummy
 

00:40:40 Build Finished. 0 errors, 2 warnings. (took 1s.10ms)

